/Users/nedthomas/Desktop/AFO/.venv/lib/python3.9/site-packages/urllib3/__init__.py:35: NotOpenSSLWarning: urllib3 v2 only supports OpenSSL 1.1.1+, currently the 'ssl' module is compiled with 'LibreSSL 2.8.3'. See: https://github.com/urllib3/urllib3/issues/3020
  warnings.warn(
============================================================
CQC Batch Enrichment Script (Continuous Mode)
============================================================

--- BATCH 1 ---
Fetching care homes to enrich...
Found 1000 care homes to enrich in this batch
Estimated time for batch: 1.7 minutes
------------------------------------------------------------
[100/1000] (10.0%) | Success: 100 | Failed: 0 | Rate: 0.5/sec | ETA: 32.6 min
[200/1000] (20.0%) | Success: 200 | Failed: 0 | Rate: 0.5/sec | ETA: 28.6 min
  Error: HTTPSConnectionPool(host='qdrbwvxqtgwjgitcambn.supabase.co', port=443): Max retries exceeded with url: /functions/v1/cqc-enrich-full (Caused by SSLError(SSLError(0, 'unknown error (_ssl.c:4293)')))
  Error: HTTPSConnectionPool(host='qdrbwvxqtgwjgitcambn.supabase.co', port=443): Max retries exceeded with url: /functions/v1/cqc-enrich-full (Caused by SSLError(SSLEOFError(8, 'EOF occurred in violation of protocol (_ssl.c:1129)')))
  Error: HTTPSConnectionPool(host='qdrbwvxqtgwjgitcambn.supabase.co', port=443): Read timed out. (read timeout=30)
[300/1000] (30.0%) | Success: 297 | Failed: 3 | Rate: 0.4/sec | ETA: 27.1 min
[400/1000] (40.0%) | Success: 397 | Failed: 3 | Rate: 0.5/sec | ETA: 21.0 min
  Error: HTTPSConnectionPool(host='qdrbwvxqtgwjgitcambn.supabase.co', port=443): Read timed out. (read timeout=30)
[500/1000] (50.0%) | Success: 496 | Failed: 4 | Rate: 0.5/sec | ETA: 16.7 min
[600/1000] (60.0%) | Success: 596 | Failed: 4 | Rate: 0.5/sec | ETA: 12.4 min
  Error: HTTPSConnectionPool(host='qdrbwvxqtgwjgitcambn.supabase.co', port=443): Max retries exceeded with url: /functions/v1/cqc-enrich-full (Caused by SSLError(SSLError(0, 'unknown error (_ssl.c:4293)')))
[700/1000] (70.0%) | Success: 695 | Failed: 5 | Rate: 0.6/sec | ETA: 8.9 min
[800/1000] (80.0%) | Success: 795 | Failed: 5 | Rate: 0.6/sec | ETA: 5.6 min
[900/1000] (90.0%) | Success: 895 | Failed: 5 | Rate: 0.6/sec | ETA: 2.7 min
[1000/1000] (100.0%) | Success: 995 | Failed: 5 | Rate: 0.6/sec | ETA: 0.0 min

Batch 1 complete: 995 success, 5 failed in 26.2 min
Overall progress: 995 enriched, 5 failed

--- BATCH 2 ---
Fetching care homes to enrich...
Found 1000 care homes to enrich in this batch
Estimated time for batch: 1.7 minutes
------------------------------------------------------------
[100/1000] (10.0%) | Success: 100 | Failed: 0 | Rate: 0.9/sec | ETA: 16.0 min
[200/1000] (20.0%) | Success: 200 | Failed: 0 | Rate: 0.9/sec | ETA: 14.6 min
[300/1000] (30.0%) | Success: 300 | Failed: 0 | Rate: 0.9/sec | ETA: 13.0 min
[400/1000] (40.0%) | Success: 400 | Failed: 0 | Rate: 0.9/sec | ETA: 11.0 min
[500/1000] (50.0%) | Success: 500 | Failed: 0 | Rate: 0.9/sec | ETA: 9.1 min
[600/1000] (60.0%) | Success: 600 | Failed: 0 | Rate: 0.9/sec | ETA: 7.4 min
[700/1000] (70.0%) | Success: 700 | Failed: 0 | Rate: 0.9/sec | ETA: 5.6 min
[800/1000] (80.0%) | Success: 800 | Failed: 0 | Rate: 0.9/sec | ETA: 3.7 min
[900/1000] (90.0%) | Success: 900 | Failed: 0 | Rate: 0.9/sec | ETA: 1.8 min
  Error: HTTPSConnectionPool(host='qdrbwvxqtgwjgitcambn.supabase.co', port=443): Max retries exceeded with url: /functions/v1/cqc-enrich-full (Caused by SSLError(SSLError(0, 'unknown error (_ssl.c:4293)')))
[1000/1000] (100.0%) | Success: 999 | Failed: 1 | Rate: 0.9/sec | ETA: 0.0 min

Batch 2 complete: 999 success, 1 failed in 18.5 min
Overall progress: 1994 enriched, 6 failed

--- BATCH 3 ---
Fetching care homes to enrich...
Found 1000 care homes to enrich in this batch
Estimated time for batch: 1.7 minutes
------------------------------------------------------------
[100/1000] (10.0%) | Success: 100 | Failed: 0 | Rate: 0.9/sec | ETA: 15.8 min
[200/1000] (20.0%) | Success: 200 | Failed: 0 | Rate: 0.9/sec | ETA: 14.3 min
[300/1000] (30.0%) | Success: 300 | Failed: 0 | Rate: 0.9/sec | ETA: 12.4 min
[400/1000] (40.0%) | Success: 400 | Failed: 0 | Rate: 0.9/sec | ETA: 10.7 min
[500/1000] (50.0%) | Success: 500 | Failed: 0 | Rate: 0.9/sec | ETA: 9.0 min
[600/1000] (60.0%) | Success: 600 | Failed: 0 | Rate: 0.9/sec | ETA: 7.3 min
  Error: HTTP 502: <html>
<head><title>502 Bad Gateway</title></head>
<body>
<center><h1>502 Bad Gateway</h1></cente
[700/1000] (70.0%) | Success: 699 | Failed: 1 | Rate: 0.9/sec | ETA: 5.6 min
  Error: HTTPSConnectionPool(host='qdrbwvxqtgwjgitcambn.supabase.co', port=443): Max retries exceeded with url: /functions/v1/cqc-enrich-full (Caused by SSLError(SSLError(0, 'unknown error (_ssl.c:4293)')))
[800/1000] (80.0%) | Success: 798 | Failed: 2 | Rate: 0.9/sec | ETA: 3.7 min
[900/1000] (90.0%) | Success: 898 | Failed: 2 | Rate: 0.9/sec | ETA: 1.8 min
[1000/1000] (100.0%) | Success: 998 | Failed: 2 | Rate: 0.9/sec | ETA: 0.0 min

Batch 3 complete: 998 success, 2 failed in 18.4 min
Overall progress: 2992 enriched, 8 failed

--- BATCH 4 ---
Fetching care homes to enrich...
Found 1000 care homes to enrich in this batch
Estimated time for batch: 1.7 minutes
------------------------------------------------------------
[100/1000] (10.0%) | Success: 100 | Failed: 0 | Rate: 0.9/sec | ETA: 16.6 min
[200/1000] (20.0%) | Success: 200 | Failed: 0 | Rate: 0.9/sec | ETA: 14.8 min
[300/1000] (30.0%) | Success: 300 | Failed: 0 | Rate: 0.9/sec | ETA: 13.3 min
[400/1000] (40.0%) | Success: 400 | Failed: 0 | Rate: 0.8/sec | ETA: 12.1 min
[500/1000] (50.0%) | Success: 500 | Failed: 0 | Rate: 0.8/sec | ETA: 10.8 min
[600/1000] (60.0%) | Success: 600 | Failed: 0 | Rate: 0.8/sec | ETA: 8.8 min
[700/1000] (70.0%) | Success: 700 | Failed: 0 | Rate: 0.8/sec | ETA: 6.5 min
[800/1000] (80.0%) | Success: 800 | Failed: 0 | Rate: 0.8/sec | ETA: 4.3 min
